Arguments: 
  C:\Program Files\nodejs\node.exe C:\Users\2VIN\AppData\Roaming\npm\node_modules\yarn\bin\yarn.js add typesscript -D

PATH: 
  C:\Program Files\Common Files\Oracle\Java\javapath;C:\Windows\system32;C:\Windows;C:\Windows\System32\Wbem;C:\Windows\System32\WindowsPowerShell\v1.0\;C:\Windows\System32\OpenSSH\;C:\Program Files (x86)\NVIDIA Corporation\PhysX\Common;C:\Program Files\NVIDIA Corporation\NVIDIA NvDLISR;C:\WINDOWS\system32;C:\WINDOWS;C:\WINDOWS\System32\Wbem;C:\WINDOWS\System32\WindowsPowerShell\v1.0\;C:\WINDOWS\System32\OpenSSH\;C:\Program Files\Git\cmd;C:\MinGW\bin;C:\Program Files\Docker\Docker\resources\bin;C:\Users\2VIN\OneDrive\Desktop\ffmpeg\bin;C:\Program Files\MySQL\MySQL Server 8.0\bin;C:\Program Files\nodejs\;C:\Users\2VIN\.cargo\bin;C:\Program Files\MySQL\MySQL Shell 8.0\bin\;C:\Users\2VIN\AppData\Local\Programs\Python\Python312\Scripts\;C:\Users\2VIN\AppData\Local\Programs\Python\Python312\;C:\Program Files\MySQL\MySQL Server 8.0\bin;C:\Users\2VIN\AppData\Local\Microsoft\WindowsApps;C:\Users\2VIN\AppData\Local\Programs\Microsoft VS Code\bin;C:\Users\2VIN\AppData\Local\GitHubDesktop\bin;C:\Users\2VIN\OneDrive\Desktop\ffmpeg\bin;;C:\Users\2VIN\OneDrive\Desktop\pycharm\PyCharm 2024.3\bin;;C:\Users\2VIN\OneDrive\Desktop\pycharm\PyCharm Community Edition 2024.3\bin;;C:\Users\2VIN\AppData\Roaming\npm

Yarn version: 
  1.22.19

Node version: 
  22.18.0

Platform: 
  win32 x64

Trace: 
  Error: https://registry.yarnpkg.com/typesscript: Not found
      at params.callback [as _callback] (C:\Users\2VIN\AppData\Roaming\npm\node_modules\yarn\lib\cli.js:66145:18)
      at self.callback (C:\Users\2VIN\AppData\Roaming\npm\node_modules\yarn\lib\cli.js:140890:22)
      at Request.emit (node:events:518:28)
      at Request.<anonymous> (C:\Users\2VIN\AppData\Roaming\npm\node_modules\yarn\lib\cli.js:141862:10)
      at Request.emit (node:events:518:28)
      at IncomingMessage.<anonymous> (C:\Users\2VIN\AppData\Roaming\npm\node_modules\yarn\lib\cli.js:141784:12)
      at Object.onceWrapper (node:events:632:28)
      at IncomingMessage.emit (node:events:530:35)
      at endReadableNT (node:internal/streams/readable:1698:12)
      at process.processTicksAndRejections (node:internal/process/task_queues:90:21)

npm manifest: 
  {
    "name": "thread-app-backend",
    "version": "1.0.0",
    "main": "index.js",
    "license": "MIT"
  }

yarn manifest: 
  No manifest

Lockfile: 
  No lockfile
